#
# There is insufficient memory for the Java Runtime Environment to continue.
# Native memory allocation (mmap) failed to map 130023424 bytes for committing reserved memory.
# Possible reasons:
#   The system is out of physical RAM or swap space
#   In 32 bit mode, the process size limit was hit
# Possible solutions:
#   Reduce memory load on the system
#   Increase physical memory or swap space
#   Check if swap backing store is full
#   Use 64 bit Java on a 64 bit OS
#   Decrease Java heap size (-Xmx/-Xms)
#   Decrease number of Java threads
#   Decrease Java thread stack sizes (-Xss)
#   Set larger code cache with -XX:ReservedCodeCacheSize=
# This output file may be truncated or incomplete.
#
#  Out of Memory Error (os_linux.cpp:2627), pid=41672, tid=0x00007fa948594700
#
# JRE version: Java(TM) SE Runtime Environment (8.0_121-b13) (build 1.8.0_121-b13)
# Java VM: Java HotSpot(TM) 64-Bit Server VM (25.121-b13 mixed mode linux-amd64 compressed oops)
# Failed to write core dump. Core dumps have been disabled. To enable core dumping, try "ulimit -c unlimited" before starting Java again
#

---------------  T H R E A D  ---------------

Current thread (0x00007fa944078000):  VMThread [stack: 0x00007fa948494000,0x00007fa948595000] [id=41687]

Stack: [0x00007fa948494000,0x00007fa948595000],  sp=0x00007fa948593220,  free space=1020k
Native frames: (J=compiled Java code, j=interpreted, Vv=VM code, C=native code)
V  [libjvm.so+0xac703a]  VMError::report_and_die()+0x2ba
V  [libjvm.so+0x4fc7eb]  report_vm_out_of_memory(char const*, int, unsigned long, VMErrorType, char const*)+0x8b
V  [libjvm.so+0x923c43]  os::Linux::commit_memory_impl(char*, unsigned long, bool)+0x103
V  [libjvm.so+0x924199]  os::pd_commit_memory(char*, unsigned long, unsigned long, bool)+0x29
V  [libjvm.so+0x91e4aa]  os::commit_memory(char*, unsigned long, unsigned long, bool)+0x2a
V  [libjvm.so+0x992f03]  PSVirtualSpace::expand_by(unsigned long)+0x53
V  [libjvm.so+0x994308]  PSYoungGen::resize_generation(unsigned long, unsigned long)+0xf8
V  [libjvm.so+0x993462]  PSYoungGen::resize(unsigned long, unsigned long)+0x22
V  [libjvm.so+0x99073b]  PSScavenge::invoke_no_policy()+0xf3b
V  [libjvm.so+0x990ec1]  PSScavenge::invoke()+0x41
V  [libjvm.so+0x947c10]  ParallelScavengeHeap::failed_mem_allocate(unsigned long)+0x70
V  [libjvm.so+0xac8a57]  VM_ParallelGCFailedAllocation::doit()+0x97
V  [libjvm.so+0xad0535]  VM_Operation::evaluate()+0x55
V  [libjvm.so+0xace90a]  VMThread::evaluate_operation(VM_Operation*)+0xba
V  [libjvm.so+0xacec8e]  VMThread::loop()+0x1ce
V  [libjvm.so+0xacf100]  VMThread::run()+0x70
V  [libjvm.so+0x926268]  java_start(Thread*)+0x108

VM_Operation (0x00007fa930b33150): ParallelGCFailedAllocation, mode: safepoint, requested by thread 0x00007fa8f4015000


---------------  P R O C E S S  ---------------

Java Threads: ( => current thread )
  0x00000000008a5800 JavaThread "SpillThread" daemon [_thread_blocked, id=41750, stack(0x00007fa930833000,0x00007fa930934000)]
  0x000000000088d000 JavaThread "communication thread" daemon [_thread_blocked, id=41745, stack(0x00007fa930934000,0x00007fa930a35000)]
  0x00007fa8f4015000 JavaThread "LocalJobRunner Map Task Executor #0" [_thread_blocked, id=41744, stack(0x00007fa930a35000,0x00007fa930b36000)]
  0x00007fa9448f4800 JavaThread "Thread-18" [_thread_blocked, id=41743, stack(0x00007fa9315ba000,0x00007fa9316bb000)]
  0x00007fa9447da800 JavaThread "org.apache.hadoop.fs.FileSystem$Statistics$StatisticsDataReferenceCleaner" daemon [_thread_blocked, id=41707, stack(0x00007fa931ed2000,0x00007fa931fd3000)]
  0x00007fa94466a800 JavaThread "process reaper" daemon [_thread_blocked, id=41702, stack(0x00007fa931fd3000,0x00007fa93200c000)]
  0x00007fa944501800 JavaThread "Monitor Ctrl-Break" daemon [_thread_in_native, id=41700, stack(0x00007fa932524000,0x00007fa932625000)]
  0x00007fa9440d0800 JavaThread "Service Thread" daemon [_thread_blocked, id=41698, stack(0x00007fa932c66000,0x00007fa932d67000)]
  0x00007fa9440bc000 JavaThread "C1 CompilerThread1" daemon [_thread_blocked, id=41697, stack(0x00007fa932d67000,0x00007fa932e68000)]
  0x00007fa9440b9000 JavaThread "C2 CompilerThread0" daemon [_thread_in_native, id=41696, stack(0x00007fa948090000,0x00007fa948191000)]
  0x00007fa9440b7800 JavaThread "Signal Dispatcher" daemon [_thread_blocked, id=41694, stack(0x00007fa948191000,0x00007fa948292000)]
  0x00007fa944084000 JavaThread "Finalizer" daemon [_thread_blocked, id=41689, stack(0x00007fa948292000,0x00007fa948393000)]
  0x00007fa94407f800 JavaThread "Reference Handler" daemon [_thread_blocked, id=41688, stack(0x00007fa948393000,0x00007fa948494000)]
  0x00007fa94400e000 JavaThread "main" [_thread_blocked, id=41679, stack(0x00007fa94d2e0000,0x00007fa94d3e1000)]

Other Threads:
=>0x00007fa944078000 VMThread [stack: 0x00007fa948494000,0x00007fa948595000] [id=41687]
  0x00007fa9440d3800 WatcherThread [stack: 0x00007fa932b65000,0x00007fa932c66000] [id=41699]

VM state:at safepoint (normal execution)

VM Mutex/Monitor currently owned by a thread:  ([mutex/lock_event])
[0x00007fa94400a6b0] Threads_lock - owner thread: 0x00007fa944078000
[0x00007fa94400abb0] Heap_lock - owner thread: 0x00007fa8f4015000

Heap:
 PSYoungGen      total 135680K, used 2249K [0x00000000eb800000, 0x00000000f4500000, 0x0000000100000000)
  eden space 126976K, 0% used [0x00000000eb800000,0x00000000eb800000,0x00000000f3400000)
  from space 8704K, 25% used [0x00000000f3400000,0x00000000f3632608,0x00000000f3c80000)
  to   space 8704K, 0% used [0x00000000f3c80000,0x00000000f3c80000,0x00000000f4500000)
 ParOldGen       total 145408K, used 114882K [0x00000000c2800000, 0x00000000cb600000, 0x00000000eb800000)
  object space 145408K, 79% used [0x00000000c2800000,0x00000000c9830b60,0x00000000cb600000)
 Metaspace       used 17873K, capacity 18118K, committed 18304K, reserved 1064960K
  class space    used 2057K, capacity 2129K, committed 2176K, reserved 1048576K

Card table byte_map: [0x00007fa949e93000,0x00007fa94a080000] byte_map_base: 0x00007fa94987f000

Marking Bits: (ParMarkBitMap*) 0x00007fa94c7aac80
 Begin Bits: [0x00007fa933140000, 0x00007fa9340a0000)
 End Bits:   [0x00007fa9340a0000, 0x00007fa935000000)

Polling page: 0x00007fa94d3fa000

CodeCache: size=245760Kb used=7306Kb max_used=7306Kb free=238453Kb
 bounds [0x00007fa935000000, 0x00007fa935730000, 0x00007fa944000000]
 total_blobs=2519 nmethods=2100 adapters=332
 compilation: enabled

Compilation events (10 events):
Event: 8.255 Thread 0x00007fa9440bc000 nmethod 2158 0x00007fa9356f40d0 code [0x00007fa9356f4280, 0x00007fa9356f4578]
Event: 8.309 Thread 0x00007fa9440bc000 2160       2       twitter4j.JSONArray::getJSONArray (50 bytes)
Event: 8.311 Thread 0x00007fa9440bc000 nmethod 2160 0x00007fa935719950 code [0x00007fa935719b20, 0x00007fa935719fd8]
Event: 8.645 Thread 0x00007fa9440bc000 2164 %     3       java.text.SimpleDateFormat::getDisplayNamesMap @ 24 (72 bytes)
Event: 8.724 Thread 0x00007fa9440bc000 nmethod 2164% 0x00007fa935718e90 code [0x00007fa935719040, 0x00007fa935719628]
Event: 8.895 Thread 0x00007fa9440bc000 2166       1       java.util.Formatter::access$000 (5 bytes)
Event: 8.913 Thread 0x00007fa9440bc000 nmethod 2166 0x00007fa9356efe50 code [0x00007fa9356effa0, 0x00007fa9356f0090]
Event: 9.105 Thread 0x00007fa9440bc000 2167       1       org.apache.hadoop.fs.RawLocalFileSystem$LocalFSFileInputStream::getPos (5 bytes)
Event: 9.141 Thread 0x00007fa9440bc000 nmethod 2167 0x00007fa9356f3e10 code [0x00007fa9356f3f60, 0x00007fa9356f4070]
Event: 9.222 Thread 0x00007fa9440bc000 2168       3       java.text.SimpleDateFormat::getDisplayNamesMap (72 bytes)

GC Heap History (10 events):
Event: 2.120 GC heap after
Heap after GC invocations=2 (full 0):
 PSYoungGen      total 34304K, used 2549K [0x00000000eb800000, 0x00000000edc00000, 0x0000000100000000)
  eden space 31744K, 0% used [0x00000000eb800000,0x00000000eb800000,0x00000000ed700000)
  from space 2560K, 99% used [0x00000000ed980000,0x00000000edbfd6f0,0x00000000edc00000)
  to   space 2560K, 0% used [0x00000000ed700000,0x00000000ed700000,0x00000000ed980000)
 ParOldGen       total 42496K, used 887K [0x00000000c2800000, 0x00000000c5180000, 0x00000000eb800000)
  object space 42496K, 2% used [0x00000000c2800000,0x00000000c28dde98,0x00000000c5180000)
 Metaspace       used 9190K, capacity 9396K, committed 9728K, reserved 1058816K
  class space    used 1096K, capacity 1188K, committed 1280K, reserved 1048576K
}
Event: 2.952 GC heap before
{Heap before GC invocations=3 (full 0):
 PSYoungGen      total 34304K, used 34293K [0x00000000eb800000, 0x00000000edc00000, 0x0000000100000000)
  eden space 31744K, 100% used [0x00000000eb800000,0x00000000ed700000,0x00000000ed700000)
  from space 2560K, 99% used [0x00000000ed980000,0x00000000edbfd6f0,0x00000000edc00000)
  to   space 2560K, 0% used [0x00000000ed700000,0x00000000ed700000,0x00000000ed980000)
 ParOldGen       total 42496K, used 887K [0x00000000c2800000, 0x00000000c5180000, 0x00000000eb800000)
  object space 42496K, 2% used [0x00000000c2800000,0x00000000c28dde98,0x00000000c5180000)
 Metaspace       used 12414K, capacity 12582K, committed 12928K, reserved 1060864K
  class space    used 1471K, capacity 1543K, committed 1664K, reserved 1048576K
Event: 2.962 GC heap after
Heap after GC invocations=3 (full 0):
 PSYoungGen      total 34304K, used 2529K [0x00000000eb800000, 0x00000000efb00000, 0x0000000100000000)
  eden space 31744K, 0% used [0x00000000eb800000,0x00000000eb800000,0x00000000ed700000)
  from space 2560K, 98% used [0x00000000ed700000,0x00000000ed9784c8,0x00000000ed980000)
  to   space 2560K, 0% used [0x00000000ef880000,0x00000000ef880000,0x00000000efb00000)
 ParOldGen       total 42496K, used 3837K [0x00000000c2800000, 0x00000000c5180000, 0x00000000eb800000)
  object space 42496K, 9% used [0x00000000c2800000,0x00000000c2bbf4d8,0x00000000c5180000)
 Metaspace       used 12414K, capacity 12582K, committed 12928K, reserved 1060864K
  class space    used 1471K, capacity 1543K, committed 1664K, reserved 1048576K
}
Event: 4.527 GC heap before
{Heap before GC invocations=4 (full 0):
 PSYoungGen      total 34304K, used 34273K [0x00000000eb800000, 0x00000000efb00000, 0x0000000100000000)
  eden space 31744K, 100% used [0x00000000eb800000,0x00000000ed700000,0x00000000ed700000)
  from space 2560K, 98% used [0x00000000ed700000,0x00000000ed9784c8,0x00000000ed980000)
  to   space 2560K, 0% used [0x00000000ef880000,0x00000000ef880000,0x00000000efb00000)
 ParOldGen       total 42496K, used 3837K [0x00000000c2800000, 0x00000000c5180000, 0x00000000eb800000)
  object space 42496K, 9% used [0x00000000c2800000,0x00000000c2bbf4d8,0x00000000c5180000)
 Metaspace       used 16030K, capacity 16262K, committed 16640K, reserved 1064960K
  class space    used 1871K, capacity 1937K, committed 2048K, reserved 1048576K
Event: 4.603 GC heap after
Heap after GC invocations=4 (full 0):
 PSYoungGen      total 66048K, used 2545K [0x00000000eb800000, 0x00000000efb00000, 0x0000000100000000)
  eden space 63488K, 0% used [0x00000000eb800000,0x00000000eb800000,0x00000000ef600000)
  from space 2560K, 99% used [0x00000000ef880000,0x00000000efafc4b8,0x00000000efb00000)
  to   space 2560K, 0% used [0x00000000ef600000,0x00000000ef600000,0x00000000ef880000)
 ParOldGen       total 42496K, used 7608K [0x00000000c2800000, 0x00000000c5180000, 0x00000000eb800000)
  object space 42496K, 17% used [0x00000000c2800000,0x00000000c2f6e128,0x00000000c5180000)
 Metaspace       used 16030K, capacity 16262K, committed 16640K, reserved 1064960K
  class space    used 1871K, capacity 1937K, committed 2048K, reserved 1048576K
}
Event: 6.294 GC heap before
{Heap before GC invocations=5 (full 0):
 PSYoungGen      total 66048K, used 66033K [0x00000000eb800000, 0x00000000efb00000, 0x0000000100000000)
  eden space 63488K, 100% used [0x00000000eb800000,0x00000000ef600000,0x00000000ef600000)
  from space 2560K, 99% used [0x00000000ef880000,0x00000000efafc4b8,0x00000000efb00000)
  to   space 2560K, 0% used [0x00000000ef600000,0x00000000ef600000,0x00000000ef880000)
 ParOldGen       total 145408K, used 110008K [0x00000000c2800000, 0x00000000cb600000, 0x00000000eb800000)
  object space 145408K, 75% used [0x00000000c2800000,0x00000000c936e138,0x00000000cb600000)
 Metaspace       used 17815K, capacity 18054K, committed 18304K, reserved 1064960K
  class space    used 2057K, capacity 2129K, committed 2176K, reserved 1048576K
Event: 6.387 GC heap after
Heap after GC invocations=5 (full 0):
 PSYoungGen      total 66048K, used 2544K [0x00000000eb800000, 0x00000000f4500000, 0x0000000100000000)
  eden space 63488K, 0% used [0x00000000eb800000,0x00000000eb800000,0x00000000ef600000)
  from space 2560K, 99% used [0x00000000ef600000,0x00000000ef87c050,0x00000000ef880000)
  to   space 8704K, 0% used [0x00000000f3c80000,0x00000000f3c80000,0x00000000f4500000)
 ParOldGen       total 145408K, used 114450K [0x00000000c2800000, 0x00000000cb600000, 0x00000000eb800000)
  object space 145408K, 78% used [0x00000000c2800000,0x00000000c97c4b60,0x00000000cb600000)
 Metaspace       used 17815K, capacity 18054K, committed 18304K, reserved 1064960K
  class space    used 2057K, capacity 2129K, committed 2176K, reserved 1048576K
}
Event: 7.340 GC heap before
{Heap before GC invocations=6 (full 0):
 PSYoungGen      total 66048K, used 66032K [0x00000000eb800000, 0x00000000f4500000, 0x0000000100000000)
  eden space 63488K, 100% used [0x00000000eb800000,0x00000000ef600000,0x00000000ef600000)
  from space 2560K, 99% used [0x00000000ef600000,0x00000000ef87c050,0x00000000ef880000)
  to   space 8704K, 0% used [0x00000000f3c80000,0x00000000f3c80000,0x00000000f4500000)
 ParOldGen       total 145408K, used 114450K [0x00000000c2800000, 0x00000000cb600000, 0x00000000eb800000)
  object space 145408K, 78% used [0x00000000c2800000,0x00000000c97c4b60,0x00000000cb600000)
 Metaspace       used 17856K, capacity 18118K, committed 18304K, reserved 1064960K
  class space    used 2057K, capacity 2129K, committed 2176K, reserved 1048576K
Event: 7.371 GC heap after
Heap after GC invocations=6 (full 0):
 PSYoungGen      total 135680K, used 2633K [0x00000000eb800000, 0x00000000f4500000, 0x0000000100000000)
  eden space 126976K, 0% used [0x00000000eb800000,0x00000000eb800000,0x00000000f3400000)
  from space 8704K, 30% used [0x00000000f3c80000,0x00000000f3f12700,0x00000000f4500000)
  to   space 8704K, 0% used [0x00000000f3400000,0x00000000f3400000,0x00000000f3c80000)
 ParOldGen       total 145408K, used 114450K [0x00000000c2800000, 0x00000000cb600000, 0x00000000eb800000)
  object space 145408K, 78% used [0x00000000c2800000,0x00000000c97c4b60,0x00000000cb600000)
 Metaspace       used 17856K, capacity 18118K, committed 18304K, reserved 1064960K
  class space    used 2057K, capacity 2129K, committed 2176K, reserved 1048576K
}
Event: 9.273 GC heap before
{Heap before GC invocations=7 (full 0):
 PSYoungGen      total 135680K, used 129609K [0x00000000eb800000, 0x00000000f4500000, 0x0000000100000000)
  eden space 126976K, 100% used [0x00000000eb800000,0x00000000f3400000,0x00000000f3400000)
  from space 8704K, 30% used [0x00000000f3c80000,0x00000000f3f12700,0x00000000f4500000)
  to   space 8704K, 0% used [0x00000000f3400000,0x00000000f3400000,0x00000000f3c80000)
 ParOldGen       total 145408K, used 114450K [0x00000000c2800000, 0x00000000cb600000, 0x00000000eb800000)
  object space 145408K, 78% used [0x00000000c2800000,0x00000000c97c4b60,0x00000000cb600000)
 Metaspace       used 17873K, capacity 18118K, committed 18304K, reserved 1064960K
  class space    used 2057K, capacity 2129K, committed 2176K, reserved 1048576K

Deoptimization events (10 events):
Event: 3.932 Thread 0x00007fa94400e000 Uncommon trap: reason=class_check action=maybe_recompile pc=0x00007fa9354336f0 method=java.util.regex.Pattern$Curly.match(Ljava/util/regex/Matcher;ILjava/lang/CharSequence;)Z @ 19
Event: 3.932 Thread 0x00007fa94400e000 Uncommon trap: reason=class_check action=maybe_recompile pc=0x00007fa9354336f0 method=java.util.regex.Pattern$Curly.match(Ljava/util/regex/Matcher;ILjava/lang/CharSequence;)Z @ 19
Event: 4.013 Thread 0x00007fa94400e000 Uncommon trap: reason=class_check action=maybe_recompile pc=0x00007fa9354336f0 method=java.util.regex.Pattern$Curly.match(Ljava/util/regex/Matcher;ILjava/lang/CharSequence;)Z @ 19
Event: 4.013 Thread 0x00007fa94400e000 Uncommon trap: reason=class_check action=maybe_recompile pc=0x00007fa9354336f0 method=java.util.regex.Pattern$Curly.match(Ljava/util/regex/Matcher;ILjava/lang/CharSequence;)Z @ 19
Event: 4.390 Thread 0x00007fa94400e000 Uncommon trap: reason=unstable_if action=reinterpret pc=0x00007fa93531d08c method=org.apache.xerces.dom.DeferredDocumentImpl.clearChunkIndex([[III)I @ 47
Event: 5.308 Thread 0x00007fa8f4015000 Uncommon trap: reason=predicate action=maybe_recompile pc=0x00007fa93549307c method=java.lang.String.regionMatches(ZILjava/lang/String;II)Z @ 63
Event: 5.407 Thread 0x00007fa8f4015000 Uncommon trap: reason=unstable_if action=reinterpret pc=0x00007fa935440584 method=java.lang.CharacterDataLatin1.digit(II)I @ 60
Event: 5.407 Thread 0x00007fa8f4015000 Uncommon trap: reason=unstable_if action=reinterpret pc=0x00007fa9353f73f8 method=java.lang.CharacterDataLatin1.digit(II)I @ 60
Event: 5.775 Thread 0x00007fa8f4015000 Uncommon trap: reason=unstable_if action=reinterpret pc=0x00007fa93562f7ec method=java.lang.Character.isSurrogate(C)Z @ 3
Event: 7.583 Thread 0x00007fa8f4015000 Uncommon trap: reason=unstable_if action=reinterpret pc=0x00007fa935701644 method=twitter4j.JSONObject.stringToValue(Ljava/lang/String;)Ljava/lang/Object; @ 97

Internal exceptions (10 events):
Event: 1.452 Thread 0x00007fa94400e000 Exception <a 'java/lang/NoSuchFieldError': method resolution failed> (0x00000000ebd3b0b0) thrown at [/HUDSON3/workspace/8-2-build-linux-amd64/jdk8u121/8372/hotspot/src/share/vm/prims/methodHandles.cpp, line 1146]
Event: 1.462 Thread 0x00007fa94400e000 Exception <a 'java/lang/NoSuchFieldError': method resolution failed> (0x00000000ebd487a0) thrown at [/HUDSON3/workspace/8-2-build-linux-amd64/jdk8u121/8372/hotspot/src/share/vm/prims/methodHandles.cpp, line 1146]
Event: 1.917 Thread 0x00007fa94400e000 Exception <a 'java/io/FileNotFoundException'> (0x00000000ec44a8d8) thrown at [/HUDSON3/workspace/8-2-build-linux-amd64/jdk8u121/8372/hotspot/src/share/vm/prims/jni.cpp, line 709]
Event: 1.917 Thread 0x00007fa94400e000 Exception <a 'java/security/PrivilegedActionException'> (0x00000000ec44ad40) thrown at [/HUDSON3/workspace/8-2-build-linux-amd64/jdk8u121/8372/hotspot/src/share/vm/prims/jvm.cpp, line 1390]
Event: 1.917 Thread 0x00007fa94400e000 Exception <a 'java/lang/reflect/InvocationTargetException'> (0x00000000ec44ce00) thrown at [/HUDSON3/workspace/8-2-build-linux-amd64/jdk8u121/8372/hotspot/src/share/vm/runtime/reflection.cpp, line 1092]
Event: 5.308 Thread 0x00007fa8f4015000 Implicit null exception at 0x00007fa9354b75c4 to 0x00007fa9354b8b2e
Event: 5.308 Thread 0x00007fa8f4015000 Exception <a 'java/lang/NullPointerException'> (0x00000000ed6934b0) thrown at [/HUDSON3/workspace/8-2-build-linux-amd64/jdk8u121/8372/hotspot/src/share/vm/runtime/sharedRuntime.cpp, line 605]
Event: 5.308 Thread 0x00007fa8f4015000 Implicit null exception at 0x00007fa9354b75c4 to 0x00007fa9354b8b2e
Event: 5.308 Thread 0x00007fa8f4015000 Exception <a 'java/lang/NullPointerException'> (0x00000000ed69cb58) thrown at [/HUDSON3/workspace/8-2-build-linux-amd64/jdk8u121/8372/hotspot/src/share/vm/runtime/sharedRuntime.cpp, line 605]
Event: 5.308 Thread 0x00007fa8f4015000 Exception <a 'java/io/FileNotFoundException'> (0x00000000ed69cff0) thrown at [/HUDSON3/workspace/8-2-build-linux-amd64/jdk8u121/8372/hotspot/src/share/vm/prims/jni.cpp, line 709]

Events (10 events):
Event: 6.854 Thread 0x00007fa8f4015000 DEOPT PACKING pc=0x00007fa93566053b sp=0x00007fa930b339b0
Event: 6.855 Thread 0x00007fa8f4015000 DEOPT UNPACKING pc=0x00007fa935047633 sp=0x00007fa930b336d8 mode 0
Event: 6.904 Thread 0x00007fa8f4015000 DEOPT PACKING pc=0x00007fa93566589d sp=0x00007fa930b33420
Event: 6.904 Thread 0x00007fa8f4015000 DEOPT UNPACKING pc=0x00007fa935047633 sp=0x00007fa930b33158 mode 0
Event: 7.332 Executing VM operation: ParallelGCFailedAllocation
Event: 7.372 Executing VM operation: ParallelGCFailedAllocation done
Event: 7.582 Thread 0x00007fa8f4015000 Uncommon trap: trap_request=0xffffff65 fr.pc=0x00007fa935701644
Event: 7.586 Thread 0x00007fa8f4015000 DEOPT PACKING pc=0x00007fa935701644 sp=0x00007fa930b33630
Event: 7.592 Thread 0x00007fa8f4015000 DEOPT UNPACKING pc=0x00007fa935005229 sp=0x00007fa930b33628 mode 2
Event: 9.256 Executing VM operation: ParallelGCFailedAllocation


Dynamic libraries:
00400000-00401000 r-xp 00000000 08:01 1844954                            /usr/lib/jvm/java-8-oracle/bin/java
00600000-00601000 rw-p 00000000 08:01 1844954                            /usr/lib/jvm/java-8-oracle/bin/java
0087f000-00905000 rw-p 00000000 00:00 0                                  [heap]
c2800000-cb600000 rw-p 00000000 00:00 0 
cb600000-eb800000 ---p 00000000 00:00 0 
eb800000-f4500000 rw-p 00000000 00:00 0 
fc100000-100000000 ---p 00000000 00:00 0 
100000000-100220000 rw-p 00000000 00:00 0 
100220000-140000000 ---p 00000000 00:00 0 
7fa8f4000000-7fa8f4021000 rw-p 00000000 00:00 0 
7fa8f4021000-7fa8f8000000 ---p 00000000 00:00 0 
7fa8fc000000-7fa8fc021000 rw-p 00000000 00:00 0 
7fa8fc021000-7fa900000000 ---p 00000000 00:00 0 
7fa900000000-7fa900021000 rw-p 00000000 00:00 0 
7fa900021000-7fa904000000 ---p 00000000 00:00 0 
7fa904000000-7fa904021000 rw-p 00000000 00:00 0 
7fa904021000-7fa908000000 ---p 00000000 00:00 0 
7fa908000000-7fa908021000 rw-p 00000000 00:00 0 
7fa908021000-7fa90c000000 ---p 00000000 00:00 0 
7fa90c000000-7fa90cd2e000 rw-p 00000000 00:00 0 
7fa90cd2e000-7fa910000000 ---p 00000000 00:00 0 
7fa910000000-7fa910021000 rw-p 00000000 00:00 0 
7fa910021000-7fa914000000 ---p 00000000 00:00 0 
7fa914000000-7fa914021000 rw-p 00000000 00:00 0 
7fa914021000-7fa918000000 ---p 00000000 00:00 0 
7fa918000000-7fa919392000 rw-p 00000000 00:00 0 
7fa919392000-7fa91c000000 ---p 00000000 00:00 0 
7fa91c000000-7fa91c021000 rw-p 00000000 00:00 0 
7fa91c021000-7fa920000000 ---p 00000000 00:00 0 
7fa920000000-7fa920021000 rw-p 00000000 00:00 0 
7fa920021000-7fa924000000 ---p 00000000 00:00 0 
7fa924000000-7fa924021000 rw-p 00000000 00:00 0 
7fa924021000-7fa928000000 ---p 00000000 00:00 0 
7fa928000000-7fa92828d000 rw-p 00000000 00:00 0 
7fa92828d000-7fa92c000000 ---p 00000000 00:00 0 
7fa92c000000-7fa92c021000 rw-p 00000000 00:00 0 
7fa92c021000-7fa930000000 ---p 00000000 00:00 0 
7fa9305f6000-7fa930833000 rw-p 00000000 00:00 0 
7fa930833000-7fa930836000 ---p 00000000 00:00 0 
7fa930836000-7fa930934000 rw-p 00000000 00:00 0 
7fa930934000-7fa930937000 ---p 00000000 00:00 0 
7fa930937000-7fa930a35000 rw-p 00000000 00:00 0 
7fa930a35000-7fa930a38000 ---p 00000000 00:00 0 
7fa930a38000-7fa930cf6000 rw-p 00000000 00:00 0 
7fa930cf6000-7fa930d36000 ---p 00000000 00:00 0 
7fa930d36000-7fa930d47000 r-xp 00000000 08:01 1845061                    /usr/lib/jvm/java-8-oracle/jre/lib/amd64/libnio.so
7fa930d47000-7fa930f46000 ---p 00011000 08:01 1845061                    /usr/lib/jvm/java-8-oracle/jre/lib/amd64/libnio.so
7fa930f46000-7fa930f47000 rw-p 00010000 08:01 1845061                    /usr/lib/jvm/java-8-oracle/jre/lib/amd64/libnio.so
7fa930f47000-7fa930f5d000 r-xp 00000000 08:01 1840222                    /lib/x86_64-linux-gnu/libgcc_s.so.1
7fa930f5d000-7fa93115c000 ---p 00016000 08:01 1840222                    /lib/x86_64-linux-gnu/libgcc_s.so.1
7fa93115c000-7fa93115d000 rw-p 00015000 08:01 1840222                    /lib/x86_64-linux-gnu/libgcc_s.so.1
7fa931168000-7fa93116d000 r--s 002f9000 08:01 1844981                    /usr/lib/jvm/java-8-oracle/jre/lib/charsets.jar
7fa93116d000-7fa931173000 r--s 0003f000 08:01 1845114                    /usr/lib/jvm/java-8-oracle/jre/lib/ext/sunjce_provider.jar
7fa931173000-7fa9311a5000 r-xp 00000000 08:01 1845044                    /usr/lib/jvm/java-8-oracle/jre/lib/amd64/libsunec.so
7fa9311a5000-7fa9313a4000 ---p 00032000 08:01 1845044                    /usr/lib/jvm/java-8-oracle/jre/lib/amd64/libsunec.so
7fa9313a4000-7fa9313aa000 rw-p 00031000 08:01 1845044                    /usr/lib/jvm/java-8-oracle/jre/lib/amd64/libsunec.so
7fa9313aa000-7fa9315ba000 rw-p 00000000 00:00 0 
7fa9315ba000-7fa9315bd000 ---p 00000000 00:00 0 
7fa9315bd000-7fa9318bb000 rw-p 00000000 00:00 0 
7fa9318bb000-7fa9318bf000 r--s 0003a000 08:01 1845111                    /usr/lib/jvm/java-8-oracle/jre/lib/ext/sunpkcs11.jar
7fa9318bf000-7fa9318c1000 r--s 00009000 08:01 1845113                    /usr/lib/jvm/java-8-oracle/jre/lib/ext/sunec.jar
7fa9318c1000-7fa9318c4000 r--s 0001a000 08:01 1845290                    /usr/lib/jvm/java-8-oracle/jre/lib/jce.jar
7fa9318c4000-7fa9318c8000 r--s 0009a000 08:01 1844980                    /usr/lib/jvm/java-8-oracle/jre/lib/jsse.jar
7fa9318c8000-7fa9318c9000 r-xp 00000000 08:01 1845095                    /usr/lib/jvm/java-8-oracle/jre/lib/amd64/libjaas_unix.so
7fa9318c9000-7fa931ac8000 ---p 00001000 08:01 1845095                    /usr/lib/jvm/java-8-oracle/jre/lib/amd64/libjaas_unix.so
7fa931ac8000-7fa931ac9000 rw-p 00000000 08:01 1845095                    /usr/lib/jvm/java-8-oracle/jre/lib/amd64/libjaas_unix.so
7fa931ac9000-7fa931cc9000 rw-p 00000000 00:00 0 
7fa931cc9000-7fa931cd2000 r-xp 00000000 08:01 1845072                    /usr/lib/jvm/java-8-oracle/jre/lib/amd64/libmanagement.so
7fa931cd2000-7fa931ed1000 ---p 00009000 08:01 1845072                    /usr/lib/jvm/java-8-oracle/jre/lib/amd64/libmanagement.so
7fa931ed1000-7fa931ed2000 rw-p 00008000 08:01 1845072                    /usr/lib/jvm/java-8-oracle/jre/lib/amd64/libmanagement.so
7fa931ed2000-7fa931ed5000 ---p 00000000 00:00 0 
7fa931ed5000-7fa931fd3000 rw-p 00000000 00:00 0 
7fa931fd3000-7fa931fd6000 ---p 00000000 00:00 0 
7fa931fd6000-7fa93230d000 rw-p 00000000 00:00 0 
7fa93230d000-7fa932323000 r-xp 00000000 08:01 1845036                    /usr/lib/jvm/java-8-oracle/jre/lib/amd64/libnet.so
7fa932323000-7fa932523000 ---p 00016000 08:01 1845036                    /usr/lib/jvm/java-8-oracle/jre/lib/amd64/libnet.so
7fa932523000-7fa932524000 rw-p 00016000 08:01 1845036                    /usr/lib/jvm/java-8-oracle/jre/lib/amd64/libnet.so
7fa932524000-7fa932527000 ---p 00000000 00:00 0 
7fa932527000-7fa932625000 rw-p 00000000 00:00 0 
7fa932625000-7fa932626000 r-xp 00000000 08:01 804813                     /home/ccgarzona/softwareInstalled/idea-IC-163.12024.16/bin/libbreakgen64.so
7fa932626000-7fa932825000 ---p 00001000 08:01 804813                     /home/ccgarzona/softwareInstalled/idea-IC-163.12024.16/bin/libbreakgen64.so
7fa932825000-7fa932826000 r--p 00000000 08:01 804813                     /home/ccgarzona/softwareInstalled/idea-IC-163.12024.16/bin/libbreakgen64.so
7fa932826000-7fa932827000 rw-p 00001000 08:01 804813                     /home/ccgarzona/softwareInstalled/idea-IC-163.12024.16/bin/libbreakgen64.so
7fa932827000-7fa932829000 r--s 00019000 08:01 796732                     /home/ccgarzona/softwareInstalled/idea-IC-163.12024.16/lib/idea_rt.jar
7fa932829000-7fa93282e000 r--s 00031000 08:01 1575360                    /home/ccgarzona/.m2/repository/org/apache/logging/log4j/log4j-api/2.7/log4j-api-2.7.jar
7fa93282e000-7fa932849000 r--s 00122000 08:01 1575427                    /home/ccgarzona/.m2/repository/org/apache/logging/log4j/log4j-core/2.7/log4j-core-2.7.jar
7fa932849000-7fa93284c000 r--s 000fd000 08:01 1575284                    /home/ccgarzona/.m2/repository/org/fusesource/leveldbjni/leveldbjni-all/1.8/leveldbjni-all-1.8.jar
7fa93284c000-7fa932854000 r--s 00028000 08:01 1574465                    /home/ccgarzona/.m2/repository/xml-apis/xml-apis/1.3.04/xml-apis-1.3.04.jar
7fa932854000-7fa93286c000 r--s 00115000 08:01 1574464                    /home/ccgarzona/.m2/repository/xerces/xercesImpl/2.9.1/xercesImpl-2.9.1.jar
7fa93286c000-7fa932889000 r--s 00196000 08:01 1575413                    /home/ccgarzona/.m2/repository/io/netty/netty-all/4.0.23.Final/netty-all-4.0.23.Final.jar
7fa932889000-7fa9328a0000 r--s 0010e000 08:01 1575350                    /home/ccgarzona/.m2/repository/io/netty/netty/3.6.2.Final/netty-3.6.2.Final.jar
7fa9328a0000-7fa9328a1000 r--s 00005000 08:01 1575347                    /home/ccgarzona/.m2/repository/commons-daemon/commons-daemon/1.0.13/commons-daemon-1.0.13.jar
7fa9328a1000-7fa93290c000 r--s 00784000 08:01 1452523                    /home/ccgarzona/.m2/repository/org/apache/hadoop/hadoop-hdfs/2.7.3/hadoop-hdfs-2.7.3.jar
7fa93290c000-7fa93290e000 r--s 0000e000 08:01 1575426                    /home/ccgarzona/.m2/repository/org/apache/hadoop/hadoop-mapreduce-client-jobclient/2.7.3/hadoop-mapreduce-client-jobclient-2.7.3.jar
7fa93290e000-7fa932911000 r--s 0001d000 08:01 1575356                    /home/ccgarzona/.m2/repository/com/sun/jersey/jersey-client/1.9/jersey-client-1.9.jar
7fa932911000-7fa932928000 r--s 00183000 08:01 1575403                    /home/ccgarzona/.m2/repository/org/apache/hadoop/hadoop-yarn-common/2.7.3/hadoop-yarn-common-2.7.3.jar
7fa932928000-7fa932941000 r--s 00164000 08:01 1575379                    /home/ccgarzona/.m2/repository/org/apache/hadoop/hadoop-mapreduce-client-core/2.7.3/hadoop-mapreduce-client-core-2.7.3.jar
7fa932941000-7fa93295e000 r--s 001d5000 08:01 1575309                    /home/ccgarzona/.m2/repository/org/apache/hadoop/hadoop-yarn-api/2.7.3/hadoop-yarn-api-2.7.3.jar
7fa93295e000-7fa932960000 r--s 00010000 08:01 1575411                    /home/ccgarzona/.m2/repository/org/apache/hadoop/hadoop-mapreduce-client-shuffle/2.7.3/hadoop-mapreduce-client-shuffle-2.7.3.jar
7fa932960000-7fa932967000 r--s 00058000 08:01 1575357                    /home/ccgarzona/.m2/repository/org/apache/hadoop/hadoop-yarn-server-common/2.7.3/hadoop-yarn-server-common-2.7.3.jar
7fa932967000-7fa93296a000 r--s 00026000 08:01 1575372                    /home/ccgarzona/.m2/repository/org/apache/hadoop/hadoop-yarn-client/2.7.3/hadoop-yarn-client-2.7.3.jar
7fa93296a000-7fa932977000 r--s 000b1000 08:01 1575302                    /home/ccgarzona/.m2/repository/org/apache/hadoop/hadoop-mapreduce-client-common/2.7.3/hadoop-mapreduce-client-common-2.7.3.jar
7fa932977000-7fa932981000 r--s 0007b000 08:01 1575338                    /home/ccgarzona/.m2/repository/org/apache/hadoop/hadoop-mapreduce-client-app/2.7.3/hadoop-mapreduce-client-app-2.7.3.jar
7fa932981000-7fa932982000 r--s 00006000 08:01 1452517                    /home/ccgarzona/.m2/repository/org/apache/hadoop/hadoop-client/2.7.3/hadoop-client-2.7.3.jar
7fa932982000-7fa932986000 r--s 00014000 08:01 1575384                    /home/ccgarzona/.m2/repository/org/tukaani/xz/1.0/xz-1.0.jar
7fa932986000-7fa93298b000 r--s 00036000 08:01 1575410                    /home/ccgarzona/.m2/repository/org/apache/commons/commons-compress/1.4.1/commons-compress-1.4.1.jar
7fa93298b000-7fa932997000 r--s 000b6000 08:01 1575405                    /home/ccgarzona/.m2/repository/org/apache/zookeeper/zookeeper/3.4.6/zookeeper-3.4.6.jar
7fa932997000-7fa9329b0000 r--s 00150000 08:01 1575327                    /home/ccgarzona/.m2/repository/org/apache/htrace/htrace-core/3.1.0-incubating/htrace-core-3.1.0-incubating.jar
7fa9329b0000-7fa9329b3000 r--s 00006000 08:01 1575320                    /home/ccgarzona/.m2/repository/com/google/code/findbugs/jsr305/3.0.0/jsr305-3.0.0.jar
7fa9329b3000-7fa9329bb000 r--s 0003b000 08:01 1575332                    /home/ccgarzona/.m2/repository/org/apache/curator/curator-recipes/2.7.1/curator-recipes-2.7.1.jar
7fa9329bb000-7fa9329bd000 r--s 0000f000 08:01 1575376                    /home/ccgarzona/.m2/repository/org/apache/curator/curator-client/2.7.1/curator-client-2.7.1.jar
7fa9329bd000-7fa9329c0000 r--s 0002b000 08:01 1575374                    /home/ccgarzona/.m2/repository/com/jcraft/jsch/0.1.42/jsch-0.1.42.jar
7fa9329c0000-7fa9329c6000 r--s 00028000 08:01 1575382                    /home/ccgarzona/.m2/repository/org/apache/curator/curator-framework/2.7.1/curator-framework-2.7.1.jar
7fa9329c6000-7fa9329c8000 r--s 00012000 08:01 1575368                    /home/ccgarzona/.m2/repository/org/apache/directory/api/api-util/1.0.0-M20/api-util-1.0.0-M20.jar
7fa9329c8000-7fa9329ca000 r--s 00003000 08:01 1575364                    /home/ccgarzona/.m2/repository/org/apache/directory/api/api-asn1-api/1.0.0-M20/api-asn1-api-1.0.0-M20.jar
7fa9329ca000-7fa9329cb000 r--s 0000a000 08:01 1575336                    /home/ccgarzona/.m2/repository/org/apache/directory/server/apacheds-i18n/2.0.0-M15/apacheds-i18n-2.0.0-M15.jar
7fa9329cb000-7fa9329dd000 r--s 00097000 08:01 1575345                    /home/ccgarzona/.m2/repository/org/apache/directory/server/apacheds-kerberos-codec/2.0.0-M15/apacheds-kerberos-codec-2.0.0-M15.jar
7fa9329dd000-7fa9329df000 r--s 00015000 08:01 1452515                    /home/ccgarzona/.m2/repository/org/apache/hadoop/hadoop-auth/2.7.3/hadoop-auth-2.7.3.jar
7fa9329df000-7fa9329e4000 r--s 0002a000 08:01 1575352                    /home/ccgarzona/.m2/repository/com/google/code/gson/gson/2.2.4/gson-2.2.4.jar
7fa9329e4000-7fa9329ec000 r--s 0007b000 08:01 1575429                    /home/ccgarzona/.m2/repository/com/google/protobuf/protobuf-java/2.5.0/protobuf-java-2.5.0.jar
7fa9329ec000-7fa9329ee000 r--s 000f2000 08:01 1575323                    /home/ccgarzona/.m2/repository/org/xerial/snappy/snappy-java/1.0.4.1/snappy-java-1.0.4.1.jar
7fa9329ee000-7fa9329f0000 r--s 00006000 08:01 1575311                    /home/ccgarzona/.m2/repository/com/thoughtworks/paranamer/paranamer/2.3/paranamer-2.3.jar
7fa9329f0000-7fa9329f7000 r--s 00044000 08:01 1575328                    /home/ccgarzona/.m2/repository/org/apache/avro/avro/1.7.4/avro-1.7.4.jar
7fa9329f7000-7fa932a05000 r--s 000b1000 08:01 1575299                    /home/ccgarzona/.m2/repository/org/codehaus/jackson/jackson-mapper-asl/1.9.13/jackson-mapper-asl-1.9.13.jar
7fa932a05000-7fa932a09000 r--s 00035000 08:01 1575286                    /home/ccgarzona/.m2/repository/org/codehaus/jackson/jackson-core-asl/1.9.13/jackson-core-asl-1.9.13.jar
7fa932a09000-7fa932a0b000 r--s 00001000 08:01 1575269                    /home/ccgarzona/.m2/repository/org/slf4j/slf4j-log4j12/1.7.10/slf4j-log4j12-1.7.10.jar
7fa932a0b000-7fa932a0c000 r--s 00007000 08:01 1575335                    /home/ccgarzona/.m2/repository/org/slf4j/slf4j-api/1.7.10/slf4j-api-1.7.10.jar
7fa932a0c000-7fa932a10000 r--s 0002f000 08:01 1575326                    /home/ccgarzona/.m2/repository/commons-beanutils/commons-beanutils-core/1.8.0/commons-beanutils-core-1.8.0.jar
7fa932a10000-7fa932a15000 r--s 0002a000 08:01 1574509                    /home/ccgarzona/.m2/repository/commons-beanutils/commons-beanutils/1.7.0/commons-beanutils-1.7.0.jar
7fa932a15000-7fa932a19000 r--s 00020000 08:01 1574511                    /home/ccgarzona/.m2/repository/commons-digester/commons-digester/1.8/commons-digester-1.8.jar
7fa932a19000-7fa932a1f000 r--s 00043000 08:01 1575319                    /home/ccgarzona/.m2/repository/commons-configuration/commons-configuration/1.6/commons-configuration-1.6.jar
7fa932a1f000-7fa932a24000 r--s 00041000 08:01 1575295                    /home/ccgarzona/.m2/repository/commons-lang/commons-lang/2.6/commons-lang-2.6.jar
7fa932a24000-7fa932a25000 r--s 00004000 08:01 1575294                    /home/ccgarzona/.m2/repository/com/jamesmurty/utils/java-xmlbuilder/0.4/java-xmlbuilder-0.4.jar
7fa932a25000-7fa932a2a000 r--s 00028000 08:01 1575265                    /home/ccgarzona/.m2/repository/org/apache/httpcomponents/httpcore/4.1.2/httpcore-4.1.2.jar
7fa932a2a000-7fa932a32000 r--s 0004e000 08:01 1575314                    /home/ccgarzona/.m2/repository/org/apache/httpcomponents/httpclient/4.1.2/httpclient-4.1.2.jar
7fa932a32000-7fa932a3b000 r--s 0007b000 08:01 1575312                    /home/ccgarzona/.m2/repository/net/java/dev/jets3t/jets3t/0.9.0/jets3t-0.9.0.jar
7fa932a3b000-7fa932a44000 r--s 0006f000 08:01 1575313                    /home/ccgarzona/.m2/repository/log4j/log4j/1.2.17/log4j-1.2.17.jar
7fa932a44000-7fa932a46000 r--s 0000e000 08:01 1575291                    /home/ccgarzona/.m2/repository/commons-logging/commons-logging/1.1.3/commons-logging-1.1.3.jar
7fa932a46000-7fa932a47000 r--s 0000a000 08:01 1575300                    /home/ccgarzona/.m2/repository/asm/asm/3.1/asm-3.1.jar
7fa932a47000-7fa932a59000 r--s 0009d000 08:01 1575407                    /home/ccgarzona/.m2/repository/com/sun/jersey/jersey-server/1.9/jersey-server-1.9.jar
7fa932a59000-7fa932a5a000 r--s 00007000 08:01 1575259                    /home/ccgarzona/.m2/repository/org/codehaus/jackson/jackson-xc/1.8.3/jackson-xc-1.8.3.jar
7fa932a5a000-7fa932a5b000 r--s 00004000 08:01 1575296                    /home/ccgarzona/.m2/repository/org/codehaus/jackson/jackson-jaxrs/1.8.3/jackson-jaxrs-1.8.3.jar
7fa932a5b000-7fa932a5d000 r--s 0000e000 08:01 1575290                    /home/ccgarzona/.m2/repository/javax/activation/activation/1.1/activation-1.1.jar
7fa932a5d000-7fa932a5f000 r--s 00004000 08:01 1575289                    /home/ccgarzona/.m2/repository/javax/xml/stream/stax-api/1.0-2/stax-api-1.0-2.jar
7fa932a5f000-7fa932a62000 r--s 00017000 08:01 1575310                    /home/ccgarzona/.m2/repository/javax/xml/bind/jaxb-api/2.2.2/jaxb-api-2.2.2.jar
7fa932a62000-7fa932a75000 r--s 000c7000 08:01 1575276                    /home/ccgarzona/.m2/repository/com/sun/xml/bind/jaxb-impl/2.2.3-1/jaxb-impl-2.2.3-1.jar
7fa932a75000-7fa932a77000 r--s 0000f000 08:01 1575285                    /home/ccgarzona/.m2/repository/org/codehaus/jettison/jettison/1.1/jettison-1.1.jar
7fa932a77000-7fa932a7b000 r--s 00021000 08:01 1575282                    /home/ccgarzona/.m2/repository/com/sun/jersey/jersey-json/1.9/jersey-json-1.9.jar
7fa932a7b000-7fa932a85000 r--s 00066000 08:01 1575370                    /home/ccgarzona/.m2/repository/com/sun/jersey/jersey-core/1.9/jersey-core-1.9.jar
7fa932a85000-7fa932a88000 r--s 00016000 08:01 1575277                    /home/ccgarzona/.m2/repository/javax/servlet/jsp/jsp-api/2.1/jsp-api-2.1.jar
7fa932a88000-7fa932a8c000 r--s 00028000 08:01 1575404                    /home/ccgarzona/.m2/repository/org/mortbay/jetty/jetty-util/6.1.26/jetty-util-6.1.26.jar
7fa932a8c000-7fa932a93000 r--s 0007d000 08:01 1575339                    /home/ccgarzona/.m2/repository/org/mortbay/jetty/jetty/6.1.26/jetty-6.1.26.jar
7fa932a93000-7fa932a95000 r--s 00018000 08:01 1574501                    /home/ccgarzona/.m2/repository/javax/servlet/servlet-api/2.5/servlet-api-2.5.jar
7fa932a95000-7fa932aa2000 r--s 00083000 08:01 1575270                    /home/ccgarzona/.m2/repository/commons-collections/commons-collections/3.2.2/commons-collections-3.2.2.jar
7fa932aa2000-7fa932aa7000 r--s 0003e000 08:01 1575268                    /home/ccgarzona/.m2/repository/commons-net/commons-net/3.1/commons-net-3.1.jar
7fa932aa7000-7fa932aab000 r--s 0002a000 08:01 1575337                    /home/ccgarzona/.m2/repository/commons-io/commons-io/2.4/commons-io-2.4.jar
7fa932aab000-7fa932aad000 r--s 0000d000 08:01 1575272                    /home/ccgarzona/.m2/repository/commons-codec/commons-codec/1.4/commons-codec-1.4.jar
7fa932aad000-7fa932aca000 r--s 0016a000 08:01 1575256                    /home/ccgarzona/.m2/repository/org/apache/commons/commons-math3/3.1.1/commons-math3-3.1.1.jar
7fa932aca000-7fa932aeb000 r--s 00172000 08:01 1575274                    /home/ccgarzona/.m2/repository/com/google/guava/guava/11.0.2/guava-11.0.2.jar
7fa932aeb000-7fa932b65000 r--s 010f6000 08:01 1716510                    /usr/lib/jvm/java-8-oracle/lib/tools.jar
7fa932b65000-7fa932b66000 ---p 00000000 00:00 0 
7fa932b66000-7fa932c66000 rw-p 00000000 00:00 0 
7fa932c66000-7fa932c69000 ---p 00000000 00:00 0 
7fa932c69000-7fa932d67000 rw-p 00000000 00:00 0 
7fa932d67000-7fa932d6a000 ---p 00000000 00:00 0 
7fa932d6a000-7fa932e68000 rw-p 00000000 00:00 0 
7fa932e68000-7fa933140000 r--p 00000000 08:01 1707729                    /usr/lib/locale/locale-archive
7fa933140000-7fa935000000 rw-p 00000000 00:00 0 
7fa935000000-7fa935730000 rwxp 00000000 00:00 0 
7fa935730000-7fa944000000 ---p 00000000 00:00 0 
7fa944000000-7fa944a95000 rw-p 00000000 00:00 0 
7fa944a95000-7fa948000000 ---p 00000000 00:00 0 
7fa948000000-7fa948006000 r--s 00045000 08:01 1575258                    /home/ccgarzona/.m2/repository/commons-httpclient/commons-httpclient/3.1/commons-httpclient-3.1.jar
7fa948006000-7fa948007000 r--s 00003000 08:01 1452510                    /home/ccgarzona/.m2/repository/xmlenc/xmlenc/0.52/xmlenc-0.52.jar
7fa948007000-7fa948009000 r--s 00009000 08:01 1452511                    /home/ccgarzona/.m2/repository/commons-cli/commons-cli/1.2/commons-cli-1.2.jar
7fa948009000-7fa94803f000 r--s 0031c000 08:01 1452519                    /home/ccgarzona/.m2/repository/org/apache/hadoop/hadoop-common/2.7.3/hadoop-common-2.7.3.jar
7fa94803f000-7fa948041000 r--s 0000e000 08:01 1452710                    /home/ccgarzona/.m2/repository/org/twitter4j/twitter4j-stream/4.0.4/twitter4j-stream-4.0.4.jar
7fa948041000-7fa948046000 r--s 00045000 08:01 1452708                    /home/ccgarzona/.m2/repository/org/twitter4j/twitter4j-core/4.0.4/twitter4j-core-4.0.4.jar
7fa948046000-7fa948059000 r--s 00345000 08:01 1845260                    /usr/lib/jvm/java-8-oracle/jre/lib/resources.jar
7fa948059000-7fa94806b000 r--s 000d6000 08:01 1845259                    /usr/lib/jvm/java-8-oracle/jre/lib/plugin.jar
7fa94806b000-7fa948075000 r--s 0006c000 08:01 1845143                    /usr/lib/jvm/java-8-oracle/jre/lib/javaws.jar
7fa948075000-7fa948090000 r--s 00209000 08:01 1845144                    /usr/lib/jvm/java-8-oracle/jre/lib/deploy.jar
7fa948090000-7fa948093000 ---p 00000000 00:00 0 
7fa948093000-7fa948191000 rw-p 00000000 00:00 0 
7fa948191000-7fa948194000 ---p 00000000 00:00 0 
7fa948194000-7fa948292000 rw-p 00000000 00:00 0 
7fa948292000-7fa948295000 ---p 00000000 00:00 0 
7fa948295000-7fa948393000 rw-p 00000000 00:00 0 
7fa948393000-7fa948396000 ---p 00000000 00:00 0 
7fa948396000-7fa948494000 rw-p 00000000 00:00 0 
7fa948494000-7fa948495000 ---p 00000000 00:00 0 
7fa948495000-7fa948f0e000 rw-p 00000000 00:00 0 
7fa948f0e000-7fa9490e7000 r--s 03d3e000 08:01 1845028                    /usr/lib/jvm/java-8-oracle/jre/lib/rt.jar
7fa9490e7000-7fa949b49000 rw-p 00000000 00:00 0 
7fa949b49000-7fa949b4a000 ---p 00000000 00:00 0 
7fa949b4a000-7fa949c4a000 rw-p 00000000 00:00 0 
7fa949c4a000-7fa949c4b000 ---p 00000000 00:00 0 
7fa949c4b000-7fa949d92000 rw-p 00000000 00:00 0 
7fa949d92000-7fa949e93000 ---p 00000000 00:00 0 
7fa949e93000-7fa949eda000 rw-p 00000000 00:00 0 
7fa949eda000-7fa949fdb000 ---p 00000000 00:00 0 
7fa949fdb000-7fa94a022000 rw-p 00000000 00:00 0 
7fa94a022000-7fa94a07f000 ---p 00000000 00:00 0 
7fa94a07f000-7fa94a09d000 rw-p 00000000 00:00 0 
7fa94a09d000-7fa94a440000 ---p 00000000 00:00 0 
7fa94a440000-7fa94a45a000 r-xp 00000000 08:01 1845059                    /usr/lib/jvm/java-8-oracle/jre/lib/amd64/libzip.so
7fa94a45a000-7fa94a65a000 ---p 0001a000 08:01 1845059                    /usr/lib/jvm/java-8-oracle/jre/lib/amd64/libzip.so
7fa94a65a000-7fa94a65b000 rw-p 0001a000 08:01 1845059                    /usr/lib/jvm/java-8-oracle/jre/lib/amd64/libzip.so
7fa94a65b000-7fa94a666000 r-xp 00000000 08:01 1840194                    /lib/x86_64-linux-gnu/libnss_files-2.23.so
7fa94a666000-7fa94a865000 ---p 0000b000 08:01 1840194                    /lib/x86_64-linux-gnu/libnss_files-2.23.so
7fa94a865000-7fa94a866000 r--p 0000a000 08:01 1840194                    /lib/x86_64-linux-gnu/libnss_files-2.23.so
7fa94a866000-7fa94a867000 rw-p 0000b000 08:01 1840194                    /lib/x86_64-linux-gnu/libnss_files-2.23.so
7fa94a867000-7fa94a86d000 rw-p 00000000 00:00 0 
7fa94a86d000-7fa94a878000 r-xp 00000000 08:01 1840160                    /lib/x86_64-linux-gnu/libnss_nis-2.23.so
7fa94a878000-7fa94aa77000 ---p 0000b000 08:01 1840160                    /lib/x86_64-linux-gnu/libnss_nis-2.23.so
7fa94aa77000-7fa94aa78000 r--p 0000a000 08:01 1840160                    /lib/x86_64-linux-gnu/libnss_nis-2.23.so
7fa94aa78000-7fa94aa79000 rw-p 0000b000 08:01 1840160                    /lib/x86_64-linux-gnu/libnss_nis-2.23.so
7fa94aa79000-7fa94aa8f000 r-xp 00000000 08:01 1840164                    /lib/x86_64-linux-gnu/libnsl-2.23.so
7fa94aa8f000-7fa94ac8e000 ---p 00016000 08:01 1840164                    /lib/x86_64-linux-gnu/libnsl-2.23.so
7fa94ac8e000-7fa94ac8f000 r--p 00015000 08:01 1840164                    /lib/x86_64-linux-gnu/libnsl-2.23.so
7fa94ac8f000-7fa94ac90000 rw-p 00016000 08:01 1840164                    /lib/x86_64-linux-gnu/libnsl-2.23.so
7fa94ac90000-7fa94ac92000 rw-p 00000000 00:00 0 
7fa94ac92000-7fa94ac9a000 r-xp 00000000 08:01 1840208                    /lib/x86_64-linux-gnu/libnss_compat-2.23.so
7fa94ac9a000-7fa94ae99000 ---p 00008000 08:01 1840208                    /lib/x86_64-linux-gnu/libnss_compat-2.23.so
7fa94ae99000-7fa94ae9a000 r--p 00007000 08:01 1840208                    /lib/x86_64-linux-gnu/libnss_compat-2.23.so
7fa94ae9a000-7fa94ae9b000 rw-p 00008000 08:01 1840208                    /lib/x86_64-linux-gnu/libnss_compat-2.23.so
7fa94ae9b000-7fa94aec6000 r-xp 00000000 08:01 1845086                    /usr/lib/jvm/java-8-oracle/jre/lib/amd64/libjava.so
7fa94aec6000-7fa94b0c5000 ---p 0002b000 08:01 1845086                    /usr/lib/jvm/java-8-oracle/jre/lib/amd64/libjava.so
7fa94b0c5000-7fa94b0c7000 rw-p 0002a000 08:01 1845086                    /usr/lib/jvm/java-8-oracle/jre/lib/amd64/libjava.so
7fa94b0c7000-7fa94b0d4000 r-xp 00000000 08:01 1845037                    /usr/lib/jvm/java-8-oracle/jre/lib/amd64/libverify.so
7fa94b0d4000-7fa94b2d3000 ---p 0000d000 08:01 1845037                    /usr/lib/jvm/java-8-oracle/jre/lib/amd64/libverify.so
7fa94b2d3000-7fa94b2d5000 rw-p 0000c000 08:01 1845037                    /usr/lib/jvm/java-8-oracle/jre/lib/amd64/libverify.so
7fa94b2d5000-7fa94b2dc000 r-xp 00000000 08:01 1840209                    /lib/x86_64-linux-gnu/librt-2.23.so
7fa94b2dc000-7fa94b4db000 ---p 00007000 08:01 1840209                    /lib/x86_64-linux-gnu/librt-2.23.so
7fa94b4db000-7fa94b4dc000 r--p 00006000 08:01 1840209                    /lib/x86_64-linux-gnu/librt-2.23.so
7fa94b4dc000-7fa94b4dd000 rw-p 00007000 08:01 1840209                    /lib/x86_64-linux-gnu/librt-2.23.so
7fa94b4dd000-7fa94b5e5000 r-xp 00000000 08:01 1840163                    /lib/x86_64-linux-gnu/libm-2.23.so
7fa94b5e5000-7fa94b7e4000 ---p 00108000 08:01 1840163                    /lib/x86_64-linux-gnu/libm-2.23.so
7fa94b7e4000-7fa94b7e5000 r--p 00107000 08:01 1840163                    /lib/x86_64-linux-gnu/libm-2.23.so
7fa94b7e5000-7fa94b7e6000 rw-p 00108000 08:01 1840163                    /lib/x86_64-linux-gnu/libm-2.23.so
7fa94b7e6000-7fa94c4b4000 r-xp 00000000 08:01 1845090                    /usr/lib/jvm/java-8-oracle/jre/lib/amd64/server/libjvm.so
7fa94c4b4000-7fa94c6b4000 ---p 00cce000 08:01 1845090                    /usr/lib/jvm/java-8-oracle/jre/lib/amd64/server/libjvm.so
7fa94c6b4000-7fa94c78d000 rw-p 00cce000 08:01 1845090                    /usr/lib/jvm/java-8-oracle/jre/lib/amd64/server/libjvm.so
7fa94c78d000-7fa94c7d8000 rw-p 00000000 00:00 0 
7fa94c7d8000-7fa94c997000 r-xp 00000000 08:01 1840184                    /lib/x86_64-linux-gnu/libc-2.23.so
7fa94c997000-7fa94cb97000 ---p 001bf000 08:01 1840184                    /lib/x86_64-linux-gnu/libc-2.23.so
7fa94cb97000-7fa94cb9b000 r--p 001bf000 08:01 1840184                    /lib/x86_64-linux-gnu/libc-2.23.so
7fa94cb9b000-7fa94cb9d000 rw-p 001c3000 08:01 1840184                    /lib/x86_64-linux-gnu/libc-2.23.so
7fa94cb9d000-7fa94cba1000 rw-p 00000000 00:00 0 
7fa94cba1000-7fa94cba4000 r-xp 00000000 08:01 1840159                    /lib/x86_64-linux-gnu/libdl-2.23.so
7fa94cba4000-7fa94cda3000 ---p 00003000 08:01 1840159                    /lib/x86_64-linux-gnu/libdl-2.23.so
7fa94cda3000-7fa94cda4000 r--p 00002000 08:01 1840159                    /lib/x86_64-linux-gnu/libdl-2.23.so
7fa94cda4000-7fa94cda5000 rw-p 00003000 08:01 1840159                    /lib/x86_64-linux-gnu/libdl-2.23.so
7fa94cda5000-7fa94cdba000 r-xp 00000000 08:01 1716507                    /usr/lib/jvm/java-8-oracle/lib/amd64/jli/libjli.so
7fa94cdba000-7fa94cfba000 ---p 00015000 08:01 1716507                    /usr/lib/jvm/java-8-oracle/lib/amd64/jli/libjli.so
7fa94cfba000-7fa94cfbb000 rw-p 00015000 08:01 1716507                    /usr/lib/jvm/java-8-oracle/lib/amd64/jli/libjli.so
7fa94cfbb000-7fa94cfd3000 r-xp 00000000 08:01 1840261                    /lib/x86_64-linux-gnu/libpthread-2.23.so
7fa94cfd3000-7fa94d1d2000 ---p 00018000 08:01 1840261                    /lib/x86_64-linux-gnu/libpthread-2.23.so
7fa94d1d2000-7fa94d1d3000 r--p 00017000 08:01 1840261                    /lib/x86_64-linux-gnu/libpthread-2.23.so
7fa94d1d3000-7fa94d1d4000 rw-p 00018000 08:01 1840261                    /lib/x86_64-linux-gnu/libpthread-2.23.so
7fa94d1d4000-7fa94d1d8000 rw-p 00000000 00:00 0 
7fa94d1d8000-7fa94d1fe000 r-xp 00000000 08:01 1840185                    /lib/x86_64-linux-gnu/ld-2.23.so
7fa94d1fe000-7fa94d202000 r--s 0009a000 08:01 1844980                    /usr/lib/jvm/java-8-oracle/jre/lib/jsse.jar
7fa94d202000-7fa94d207000 r--s 00084000 08:01 1845135                    /usr/lib/jvm/java-8-oracle/jre/lib/jfr.jar
7fa94d207000-7fa94d2e0000 rw-p 00000000 00:00 0 
7fa94d2e0000-7fa94d2e3000 ---p 00000000 00:00 0 
7fa94d2e3000-7fa94d3e5000 rw-p 00000000 00:00 0 
7fa94d3e5000-7fa94d3e6000 r--s 00009000 08:01 1452520                    /home/ccgarzona/.m2/repository/org/apache/hadoop/hadoop-annotations/2.7.3/hadoop-annotations-2.7.3.jar
7fa94d3e6000-7fa94d3e7000 r--s 00000000 08:01 1845107                    /usr/lib/jvm/java-8-oracle/jre/lib/management-agent.jar
7fa94d3e7000-7fa94d3e9000 r--s 00007000 08:01 1845101                    /usr/lib/jvm/java-8-oracle/jre/lib/jfxswt.jar
7fa94d3e9000-7fa94d3ec000 r--s 0001a000 08:01 1845290                    /usr/lib/jvm/java-8-oracle/jre/lib/jce.jar
7fa94d3ec000-7fa94d3f1000 r--s 002f9000 08:01 1844981                    /usr/lib/jvm/java-8-oracle/jre/lib/charsets.jar
7fa94d3f1000-7fa94d3f9000 rw-s 00000000 08:01 1581182                    /tmp/hsperfdata_ccgarzona/41672
7fa94d3f9000-7fa94d3fa000 rw-p 00000000 00:00 0 
7fa94d3fa000-7fa94d3fb000 ---p 00000000 00:00 0 
7fa94d3fb000-7fa94d3fd000 rw-p 00000000 00:00 0 
7fa94d3fd000-7fa94d3fe000 r--p 00025000 08:01 1840185                    /lib/x86_64-linux-gnu/ld-2.23.so
7fa94d3fe000-7fa94d3ff000 rw-p 00026000 08:01 1840185                    /lib/x86_64-linux-gnu/ld-2.23.so
7fa94d3ff000-7fa94d400000 rw-p 00000000 00:00 0 
7ffd31c02000-7ffd31c25000 rw-p 00000000 00:00 0                          [stack]
7ffd31dad000-7ffd31daf000 r--p 00000000 00:00 0                          [vvar]
7ffd31daf000-7ffd31db1000 r-xp 00000000 00:00 0                          [vdso]
ffffffffff600000-ffffffffff601000 r-xp 00000000 00:00 0                  [vsyscall]

VM Arguments:
jvm_args: -Didea.launcher.port=7536 -Didea.launcher.bin.path=/home/ccgarzona/softwareInstalled/idea-IC-163.12024.16/bin -Dfile.encoding=UTF-8 
java_command: com.intellij.rt.execution.application.AppMain edu.uprm.project1.bigdata.FindAllTweetsDriver /home/ccgarzona/Downloads/trump_tweets.txt /home/ccgarzona/Downloads/outputs2
java_class_path (initial): /usr/lib/jvm/java-8-oracle/jre/lib/charsets.jar:/usr/lib/jvm/java-8-oracle/jre/lib/deploy.jar:/usr/lib/jvm/java-8-oracle/jre/lib/ext/cldrdata.jar:/usr/lib/jvm/java-8-oracle/jre/lib/ext/dnsns.jar:/usr/lib/jvm/java-8-oracle/jre/lib/ext/jaccess.jar:/usr/lib/jvm/java-8-oracle/jre/lib/ext/jfxrt.jar:/usr/lib/jvm/java-8-oracle/jre/lib/ext/localedata.jar:/usr/lib/jvm/java-8-oracle/jre/lib/ext/nashorn.jar:/usr/lib/jvm/java-8-oracle/jre/lib/ext/sunec.jar:/usr/lib/jvm/java-8-oracle/jre/lib/ext/sunjce_provider.jar:/usr/lib/jvm/java-8-oracle/jre/lib/ext/sunpkcs11.jar:/usr/lib/jvm/java-8-oracle/jre/lib/ext/zipfs.jar:/usr/lib/jvm/java-8-oracle/jre/lib/javaws.jar:/usr/lib/jvm/java-8-oracle/jre/lib/jce.jar:/usr/lib/jvm/java-8-oracle/jre/lib/jfr.jar:/usr/lib/jvm/java-8-oracle/jre/lib/jfxswt.jar:/usr/lib/jvm/java-8-oracle/jre/lib/jsse.jar:/usr/lib/jvm/java-8-oracle/jre/lib/management-agent.jar:/usr/lib/jvm/java-8-oracle/jre/lib/plugin.jar:/usr/lib/jvm/java-8-oracle/jre/lib/resources.jar:/usr/lib/jvm/java-8-oracle/jre/lib/rt.jar:/home/ccgarzona/workspace/Project1/Project1BigData/project1Point6/target/classes:/home/ccgarzona/.m2/repository/org/twitter4j/twitter4j-core/4.0.4/twitter4j-core-4.0.4.jar:/home/ccgarzona/.m2/repository/org/twitter4j/twitter4j-stream/4.0.4/twitter4j-stream-4.0.4.jar:/home/ccgarzona/.m2/repository/org/apache/hadoop/hadoop-common/2.7.3/hadoop-common-2.7.3.jar:/home/ccgarzona/.m2/repository/org/apache/hadoop/hadoop-annotations/2.7.3/hadoop-annotations-2.7.3.jar:/usr/lib/jvm/java-8-oracle/lib/tools.jar:/home/ccgarzona/.m2/repository/com/google/guava/guava/11.0.2/guava-11.0.2.jar:/home/ccgarzona/.m2/repository/commons-cli/commons-cli/1.2/commons-cli-1.2.jar:/home/ccgarzona/.m2/repository/org/apache/commons/commons-math3/3.1.1/commons-math3-3.1.1.jar:/home/ccgarzona/.m2/repository/xmlenc/xmlenc/0.52/xmlenc-0.52.jar:/home/ccgarzona/.m2/repository/commons-httpclient/commons-httpclient/3.1/commons-httpclient-3.1.jar:/home/ccgarzona/.m2/repos
Launcher Type: SUN_STANDARD

Environment Variables:
JAVA_HOME=/usr/lib/jvm/java-8-oracle
PATH=/home/ccgarzona/bin:/home/ccgarzona/.local/bin:/usr/local/sbin:/usr/local/bin:/usr/sbin:/usr/bin:/sbin:/bin:/usr/games:/usr/local/games:/snap/bin:/usr/lib/jvm/java-8-oracle/bin:/usr/lib/jvm/java-8-oracle/db/bin:/usr/lib/jvm/java-8-oracle/jre/bin
LD_LIBRARY_PATH=/home/ccgarzona/softwareInstalled/idea-IC-163.12024.16/bin:
SHELL=/bin/bash
DISPLAY=:0

Signal Handlers:
SIGSEGV: [libjvm.so+0xac78c0], sa_mask[0]=11111111011111111101111111111110, sa_flags=SA_RESTART|SA_SIGINFO
SIGBUS: [libjvm.so+0xac78c0], sa_mask[0]=11111111011111111101111111111110, sa_flags=SA_RESTART|SA_SIGINFO
SIGFPE: [libjvm.so+0x920ac0], sa_mask[0]=11111111011111111101111111111110, sa_flags=SA_RESTART|SA_SIGINFO
SIGPIPE: [libjvm.so+0x920ac0], sa_mask[0]=11111111011111111101111111111110, sa_flags=SA_RESTART|SA_SIGINFO
SIGXFSZ: [libjvm.so+0x920ac0], sa_mask[0]=11111111011111111101111111111110, sa_flags=SA_RESTART|SA_SIGINFO
SIGILL: [libjvm.so+0x920ac0], sa_mask[0]=11111111011111111101111111111110, sa_flags=SA_RESTART|SA_SIGINFO
SIGUSR1: SIG_DFL, sa_mask[0]=00000000000000000000000000000000, sa_flags=none
SIGUSR2: [libjvm.so+0x922300], sa_mask[0]=00100000000000000000000000000000, sa_flags=SA_RESTART|SA_SIGINFO
SIGHUP: [libjvm.so+0x923700], sa_mask[0]=11111111011111111101111111111110, sa_flags=SA_RESTART|SA_SIGINFO
SIGINT: [libjvm.so+0x923700], sa_mask[0]=11111111011111111101111111111110, sa_flags=SA_RESTART|SA_SIGINFO
SIGTERM: [libjvm.so+0x923700], sa_mask[0]=11111111011111111101111111111110, sa_flags=SA_RESTART|SA_SIGINFO
SIGQUIT: [libjvm.so+0x923700], sa_mask[0]=11111111011111111101111111111110, sa_flags=SA_RESTART|SA_SIGINFO


---------------  S Y S T E M  ---------------

OS:DISTRIB_ID=Ubuntu
DISTRIB_RELEASE=16.04
DISTRIB_CODENAME=xenial
DISTRIB_DESCRIPTION="Ubuntu 16.04.1 LTS"

uname:Linux 4.4.0-70-generic #91-Ubuntu SMP Wed Mar 22 12:47:43 UTC 2017 x86_64
libc:glibc 2.23 NPTL 2.23 
rlimit: STACK 8192k, CORE 0k, NPROC 15584, NOFILE 65536, AS infinity
load average:2.55 1.64 0.82

/proc/meminfo:
MemTotal:        4028752 kB
MemFree:          151368 kB
MemAvailable:      65532 kB
Buffers:             664 kB
Cached:            80560 kB
SwapCached:          184 kB
Active:          2434516 kB
Inactive:         858744 kB
Active(anon):    2419588 kB
Inactive(anon):   836240 kB
Active(file):      14928 kB
Inactive(file):    22504 kB
Unevictable:          32 kB
Mlocked:              32 kB
SwapTotal:       2094076 kB
SwapFree:              0 kB
Dirty:              1496 kB
Writeback:             0 kB
AnonPages:       3212192 kB
Mapped:            48584 kB
Shmem:             43704 kB
Slab:              85488 kB
SReclaimable:      32148 kB
SUnreclaim:        53340 kB
KernelStack:       19040 kB
PageTables:        43164 kB
NFS_Unstable:          0 kB
Bounce:                0 kB
WritebackTmp:          0 kB
CommitLimit:     4108452 kB
Committed_AS:   10023664 kB
VmallocTotal:   34359738367 kB
VmallocUsed:           0 kB
VmallocChunk:          0 kB
HardwareCorrupted:     0 kB
AnonHugePages:   1431552 kB
CmaTotal:              0 kB
CmaFree:               0 kB
HugePages_Total:       0
HugePages_Free:        0
HugePages_Rsvd:        0
HugePages_Surp:        0
Hugepagesize:       2048 kB
DirectMap4k:      278336 kB
DirectMap2M:     3915776 kB
DirectMap1G:     2097152 kB


CPU:total 2 (1 cores per cpu, 1 threads per core) family 6 model 78 stepping 3, cmov, cx8, fxsr, mmx, sse, sse2, sse3, ssse3, sse4.1, sse4.2, popcnt, avx, avx2, aes, clmul, erms, 3dnowpref, lzcnt, tsc, tscinvbit, bmi1, bmi2, adx

/proc/cpuinfo:
processor	: 0
vendor_id	: GenuineIntel
cpu family	: 6
model		: 78
model name	: Intel(R) Core(TM) i7-6500U CPU @ 2.50GHz
stepping	: 3
microcode	: 0x74
cpu MHz		: 2592.001
cache size	: 4096 KB
physical id	: 0
siblings	: 1
core id		: 0
cpu cores	: 1
apicid		: 0
initial apicid	: 0
fpu		: yes
fpu_exception	: yes
cpuid level	: 22
wp		: yes
flags		: fpu vme de pse tsc msr pae mce cx8 apic sep mtrr pge mca cmov pat pse36 clflush dts mmx fxsr sse sse2 ss syscall nx pdpe1gb rdtscp lm constant_tsc arch_perfmon pebs bts nopl xtopology tsc_reliable nonstop_tsc aperfmperf eagerfpu pni pclmulqdq ssse3 fma cx16 pcid sse4_1 sse4_2 x2apic movbe popcnt tsc_deadline_timer aes xsave avx f16c rdrand hypervisor lahf_lm abm 3dnowprefetch epb fsgsbase tsc_adjust bmi1 avx2 smep bmi2 invpcid rdseed adx smap xsaveopt dtherm ida arat pln pts hwp hwp_notify hwp_act_window hwp_epp
bugs		:
bogomips	: 5184.00
clflush size	: 64
cache_alignment	: 64
address sizes	: 42 bits physical, 48 bits virtual
power management:

processor	: 1
vendor_id	: GenuineIntel
cpu family	: 6
model		: 78
model name	: Intel(R) Core(TM) i7-6500U CPU @ 2.50GHz
stepping	: 3
microcode	: 0x74
cpu MHz		: 2592.001
cache size	: 4096 KB
physical id	: 2
siblings	: 1
core id		: 0
cpu cores	: 1
apicid		: 2
initial apicid	: 2
fpu		: yes
fpu_exception	: yes
cpuid level	: 22
wp		: yes
flags		: fpu vme de pse tsc msr pae mce cx8 apic sep mtrr pge mca cmov pat pse36 clflush dts mmx fxsr sse sse2 ss syscall nx pdpe1gb rdtscp lm constant_tsc arch_perfmon pebs bts nopl xtopology tsc_reliable nonstop_tsc aperfmperf eagerfpu pni pclmulqdq ssse3 fma cx16 pcid sse4_1 sse4_2 x2apic movbe popcnt tsc_deadline_timer aes xsave avx f16c rdrand hypervisor lahf_lm abm 3dnowprefetch epb fsgsbase tsc_adjust bmi1 avx2 smep bmi2 invpcid rdseed adx smap xsaveopt dtherm ida arat pln pts hwp hwp_notify hwp_act_window hwp_epp
bugs		:
bogomips	: 5184.00
clflush size	: 64
cache_alignment	: 64
address sizes	: 42 bits physical, 48 bits virtual
power management:



Memory: 4k page, physical 4028752k(151504k free), swap 2094076k(0k free)

vm_info: Java HotSpot(TM) 64-Bit Server VM (25.121-b13) for linux-amd64 JRE (1.8.0_121-b13), built on Dec 12 2016 16:36:53 by "java_re" with gcc 4.3.0 20080428 (Red Hat 4.3.0-8)

time: Fri Mar 31 11:09:26 2017
elapsed time: 9 seconds (0d 0h 0m 9s)

